2026-01-30 Fri 14:25:37 app_controller_Controller [info] 4.353 Login
2026-01-30 Fri 14:25:47 app_controller_Controller [info] 4.028 Login
2026-01-30 Fri 14:27:10 app_controller_Controller [info] 4.116 Login
2026-01-30 Fri 14:27:51 app_controller_Controller [info] 5.147 DefaultCommand
2026-01-30 Fri 14:27:56 app_controller_Controller [info] 4.792 DefaultCommand
2026-01-30 Fri 14:28:01 app_controller_Controller [info] 5.3 DefaultCommand
2026-01-30 Fri 14:28:06 app_controller_Controller [info] 4.759 DefaultCommand
2026-01-30 Fri 14:28:10 app_controller_Controller [info] 4.78 DefaultCommand
2026-01-30 Fri 14:28:16 app_controller_Controller [info] 5.343 DefaultCommand
2026-01-30 Fri 14:28:21 app_controller_Controller [info] 5.013 DefaultCommand
2026-01-30 Fri 14:28:25 app_controller_Controller [info] 4.569 DefaultCommand
2026-01-30 Fri 14:28:30 app_controller_Controller [info] 4.548 DefaultCommand
2026-01-30 Fri 14:28:35 app_controller_Controller [info] 5.03 DefaultCommand
2026-01-30 Fri 14:28:40 app_controller_Controller [info] 4.537 DefaultCommand
2026-01-30 Fri 14:28:44 app_controller_Controller [info] 4.508 DefaultCommand
2026-01-30 Fri 14:28:49 app_controller_Controller [info] 4.96 DefaultCommand
2026-01-30 Fri 14:28:54 app_controller_Controller [info] 5.037 DefaultCommand
2026-01-30 Fri 14:28:59 app_controller_Controller [info] 4.557 DefaultCommand
2026-01-30 Fri 14:29:03 app_controller_Controller [info] 4.437 DefaultCommand
2026-01-30 Fri 14:29:08 app_controller_Controller [info] 4.812 DefaultCommand
2026-01-30 Fri 14:29:13 app_controller_Controller [info] 4.827 DefaultCommand
2026-01-30 Fri 14:29:18 app_controller_Controller [info] 5.093 DefaultCommand
2026-01-30 Fri 14:29:23 app_controller_Controller [info] 4.839 DefaultCommand
2026-01-30 Fri 14:29:27 app_controller_Controller [info] 4.302 DefaultCommand
2026-01-30 Fri 14:29:32 app_controller_Controller [info] 4.751 DefaultCommand
2026-01-30 Fri 14:29:36 app_controller_Controller [info] 4.544 DefaultCommand
2026-01-30 Fri 14:29:41 app_controller_Controller [info] 4.672 DefaultCommand
2026-01-30 Fri 14:31:02 app_controller_Controller [info] 4.992 DefaultCommand
2026-01-30 Fri 14:31:06 app_controller_Controller [info] 4.893 DefaultCommand
2026-01-30 Fri 14:31:11 app_controller_Controller [info] 4.889 DefaultCommand
2026-01-30 Fri 14:31:16 app_controller_Controller [info] 4.965 DefaultCommand
2026-01-30 Fri 14:31:21 app_controller_Controller [info] 5.023 DefaultCommand
2026-01-30 Fri 14:31:26 app_controller_Controller [info] 4.524 DefaultCommand
2026-01-30 Fri 14:31:31 app_controller_Controller [info] 5.189 DefaultCommand
2026-01-30 Fri 14:31:36 app_controller_Controller [info] 5.097 DefaultCommand
2026-01-30 Fri 14:31:41 app_controller_Controller [info] 5.074 DefaultCommand
2026-01-30 Fri 14:31:46 app_controller_Controller [info] 4.455 DefaultCommand
2026-01-30 Fri 14:31:51 app_controller_Controller [info] 5.257 DefaultCommand
2026-01-30 Fri 14:31:56 app_controller_Controller [info] 4.827 DefaultCommand
2026-01-30 Fri 14:32:00 app_controller_Controller [info] 4.468 DefaultCommand
2026-01-30 Fri 14:32:05 app_controller_Controller [info] 4.371 DefaultCommand
2026-01-30 Fri 14:32:09 app_controller_Controller [info] 4.703 DefaultCommand
2026-01-30 Fri 14:32:14 app_controller_Controller [info] 4.576 DefaultCommand
2026-01-30 Fri 14:32:19 app_controller_Controller [info] 4.956 DefaultCommand
2026-01-30 Fri 14:32:23 app_controller_Controller [info] 4.593 DefaultCommand
2026-01-30 Fri 14:32:28 app_controller_Controller [info] 4.614 DefaultCommand
2026-01-30 Fri 14:32:33 app_controller_Controller [info] 5.378 DefaultCommand
2026-01-30 Fri 14:32:38 app_controller_Controller [info] 4.855 DefaultCommand
2026-01-30 Fri 14:32:43 app_controller_Controller [info] 4.978 DefaultCommand
2026-01-30 Fri 14:33:48 app_controller_Controller [info] 64.791 DefaultCommand
2026-01-30 Fri 14:33:53 app_controller_Controller [info] 4.912 DefaultCommand
2026-01-30 Fri 14:33:58 app_controller_Controller [info] 4.809 DefaultCommand
2026-01-30 Fri 14:35:12 app_controller_Controller [info] 3.871 Login
2026-01-30 Fri 14:37:05 app_controller_Controller [info] 3.882 Login
2026-01-30 Fri 14:38:21 app_controller_Controller [info] 64.761 Home
2026-01-30 Fri 14:38:26 app_controller_Controller [info] 4.64 DefaultCommand
2026-01-30 Fri 14:38:33 app_controller_Controller [info] 6.576 DefaultCommand
2026-01-30 Fri 14:38:38 app_controller_Controller [info] 5.677 DefaultCommand
2026-01-30 Fri 14:38:44 app_controller_Controller [info] 5.555 DefaultCommand
2026-01-30 Fri 14:38:50 app_controller_Controller [info] 5.645 DefaultCommand
2026-01-30 Fri 14:38:54 app_controller_Controller [info] 4.712 DefaultCommand
2026-01-30 Fri 14:38:58 app_controller_Controller [info] 4.263 DefaultCommand
2026-01-30 Fri 14:39:03 app_controller_Controller [info] 4.762 DefaultCommand
2026-01-30 Fri 14:39:09 app_controller_Controller [info] 5.266 DefaultCommand
2026-01-30 Fri 14:39:13 app_controller_Controller [info] 4.708 DefaultCommand
2026-01-30 Fri 14:39:18 app_controller_Controller [info] 4.352 DefaultCommand
2026-01-30 Fri 14:39:22 app_controller_Controller [info] 4.686 DefaultCommand
2026-01-30 Fri 14:39:27 app_controller_Controller [info] 4.793 DefaultCommand
2026-01-30 Fri 14:39:32 app_controller_Controller [info] 4.756 DefaultCommand
2026-01-30 Fri 14:39:37 app_controller_Controller [info] 5.506 DefaultCommand
2026-01-30 Fri 14:39:43 app_controller_Controller [info] 5.435 DefaultCommand
2026-01-30 Fri 14:39:48 app_controller_Controller [info] 4.908 DefaultCommand
2026-01-30 Fri 14:39:52 app_controller_Controller [info] 4.584 DefaultCommand
2026-01-30 Fri 14:39:57 app_controller_Controller [info] 4.453 DefaultCommand
2026-01-30 Fri 14:40:02 app_controller_Controller [info] 4.954 DefaultCommand
2026-01-30 Fri 14:40:06 app_controller_Controller [info] 4.452 DefaultCommand
2026-01-30 Fri 14:40:11 app_controller_Controller [info] 4.549 DefaultCommand
2026-01-30 Fri 14:40:15 app_controller_Controller [info] 4.352 DefaultCommand
2026-01-30 Fri 14:40:20 app_controller_Controller [info] 4.735 DefaultCommand
2026-01-30 Fri 14:40:25 app_controller_Controller [info] 4.935 DefaultCommand
2026-01-30 Fri 14:40:29 app_controller_Controller [info] 4.404 DefaultCommand
2026-01-30 Fri 14:41:41 app_controller_Controller [info] 5.134 Home
2026-01-30 Fri 14:41:46 app_controller_Controller [info] 4.964 DefaultCommand
2026-01-30 Fri 14:41:50 app_controller_Controller [info] 4.8 DefaultCommand
2026-01-30 Fri 14:41:55 app_controller_Controller [info] 4.149 DefaultCommand
2026-01-30 Fri 14:42:00 app_controller_Controller [info] 5.146 DefaultCommand
2026-01-30 Fri 14:42:05 app_controller_Controller [info] 5.045 DefaultCommand
2026-01-30 Fri 14:42:09 app_controller_Controller [info] 4.193 DefaultCommand
2026-01-30 Fri 14:42:14 app_controller_Controller [info] 5.428 DefaultCommand
2026-01-30 Fri 14:42:19 app_controller_Controller [info] 4.815 DefaultCommand
2026-01-30 Fri 14:42:24 app_controller_Controller [info] 5.018 DefaultCommand
2026-01-30 Fri 14:42:29 app_controller_Controller [info] 4.63 DefaultCommand
2026-01-30 Fri 14:42:34 app_controller_Controller [info] 5.355 DefaultCommand
2026-01-30 Fri 14:42:39 app_controller_Controller [info] 4.578 DefaultCommand
2026-01-30 Fri 14:42:44 app_controller_Controller [info] 5.243 DefaultCommand
2026-01-30 Fri 14:42:49 app_controller_Controller [info] 4.588 DefaultCommand
2026-01-30 Fri 14:42:54 app_controller_Controller [info] 4.92 DefaultCommand
2026-01-30 Fri 14:42:58 app_controller_Controller [info] 4.532 DefaultCommand
2026-01-30 Fri 14:43:03 app_controller_Controller [info] 4.812 DefaultCommand
2026-01-30 Fri 14:43:07 app_controller_Controller [info] 4.442 DefaultCommand
2026-01-30 Fri 14:43:13 app_controller_Controller [info] 5.275 DefaultCommand
2026-01-30 Fri 14:43:18 app_controller_Controller [info] 5.377 DefaultCommand
2026-01-30 Fri 14:43:23 app_controller_Controller [info] 4.644 DefaultCommand
2026-01-30 Fri 14:43:28 app_controller_Controller [info] 5.035 DefaultCommand
2026-01-30 Fri 14:43:32 app_controller_Controller [info] 4.546 DefaultCommand
2026-01-30 Fri 14:43:37 app_controller_Controller [info] 4.925 DefaultCommand
2026-01-30 Fri 14:43:42 app_controller_Controller [info] 4.529 DefaultCommand
2026-01-30 Fri 14:43:47 app_controller_Controller [info] 4.819 DefaultCommand
2026-01-30 Fri 14:45:10 app_controller_Controller [info] 4.698 Home
2026-01-30 Fri 14:45:15 app_controller_Controller [info] 5.261 DefaultCommand
2026-01-30 Fri 14:45:20 app_controller_Controller [info] 4.824 DefaultCommand
2026-01-30 Fri 14:45:26 app_controller_Controller [info] 5.396 DefaultCommand
2026-01-30 Fri 14:45:30 app_controller_Controller [info] 4.229 DefaultCommand
2026-01-30 Fri 14:45:35 app_controller_Controller [info] 5.197 DefaultCommand
2026-01-30 Fri 14:45:40 app_controller_Controller [info] 4.69 DefaultCommand
2026-01-30 Fri 14:45:45 app_controller_Controller [info] 4.767 DefaultCommand
2026-01-30 Fri 14:45:50 app_controller_Controller [info] 5.136 DefaultCommand
2026-01-30 Fri 14:45:54 app_controller_Controller [info] 4.713 DefaultCommand
2026-01-30 Fri 14:46:00 app_controller_Controller [info] 5.395 DefaultCommand
2026-01-30 Fri 14:46:05 app_controller_Controller [info] 5.12 DefaultCommand
2026-01-30 Fri 14:46:10 app_controller_Controller [info] 4.796 DefaultCommand
2026-01-30 Fri 14:46:14 app_controller_Controller [info] 4.672 DefaultCommand
2026-01-30 Fri 14:46:19 app_controller_Controller [info] 5.035 DefaultCommand
2026-01-30 Fri 14:46:25 app_controller_Controller [info] 5.135 DefaultCommand
2026-01-30 Fri 14:46:30 app_controller_Controller [info] 5.281 DefaultCommand
2026-01-30 Fri 14:46:35 app_controller_Controller [info] 4.936 DefaultCommand
2026-01-30 Fri 14:46:39 app_controller_Controller [info] 4.382 DefaultCommand
2026-01-30 Fri 14:46:44 app_controller_Controller [info] 4.901 DefaultCommand
2026-01-30 Fri 14:46:49 app_controller_Controller [info] 4.683 DefaultCommand
2026-01-30 Fri 14:46:55 app_controller_Controller [info] 6.023 DefaultCommand
2026-01-30 Fri 14:47:00 app_controller_Controller [info] 4.945 DefaultCommand
2026-01-30 Fri 14:47:04 app_controller_Controller [info] 4.264 DefaultCommand
2026-01-30 Fri 14:47:09 app_controller_Controller [info] 5.503 DefaultCommand
2026-01-30 Fri 14:47:15 app_controller_Controller [info] 5.283 DefaultCommand
2026-01-30 Fri 14:54:42 app_controller_Controller [info] 5.243 DefaultCommand
2026-01-30 Fri 14:54:57 app_controller_Controller [info] 4.068 Login
2026-02-02 Mon 05:53:34 app_controller_Controller [info] 4.275 Home
2026-02-02 Mon 05:53:38 app_controller_Controller [info] 4.246 DefaultCommand
2026-02-02 Mon 05:53:45 app_controller_Controller [info] 6.979 DefaultCommand
2026-02-02 Mon 05:53:50 app_controller_Controller [info] 4.52 DefaultCommand
2026-02-02 Mon 05:53:54 app_controller_Controller [info] 4.267 DefaultCommand
2026-02-02 Mon 05:53:58 app_controller_Controller [info] 4.285 DefaultCommand
2026-02-02 Mon 05:54:02 app_controller_Controller [info] 4.093 DefaultCommand
2026-02-02 Mon 05:54:10 app_controller_Controller [info] 7.313 DefaultCommand
2026-02-02 Mon 05:54:14 app_controller_Controller [info] 4.37 DefaultCommand
2026-02-02 Mon 05:54:18 app_controller_Controller [info] 4.19 DefaultCommand
2026-02-02 Mon 05:54:23 app_controller_Controller [info] 4.517 DefaultCommand
2026-02-02 Mon 05:54:27 app_controller_Controller [info] 4.388 DefaultCommand
2026-02-02 Mon 05:54:31 app_controller_Controller [info] 3.812 DefaultCommand
2026-02-02 Mon 05:54:35 app_controller_Controller [info] 3.857 DefaultCommand
2026-02-02 Mon 05:54:39 app_controller_Controller [info] 4.163 DefaultCommand
2026-02-02 Mon 05:54:43 app_controller_Controller [info] 4.177 DefaultCommand
2026-02-02 Mon 05:54:47 app_controller_Controller [info] 4.228 DefaultCommand
2026-02-02 Mon 05:54:53 app_controller_Controller [info] 5.442 DefaultCommand
2026-02-02 Mon 05:55:57 app_controller_Controller [info] 64.217 DefaultCommand
2026-02-02 Mon 05:56:03 app_controller_Controller [info] 5.475 DefaultCommand
2026-02-02 Mon 05:56:07 app_controller_Controller [info] 4.381 DefaultCommand
2026-02-02 Mon 05:56:11 app_controller_Controller [info] 3.945 DefaultCommand
2026-02-02 Mon 05:56:15 app_controller_Controller [info] 4.429 DefaultCommand
2026-02-02 Mon 05:56:23 app_controller_Controller [info] 7.509 DefaultCommand
2026-02-02 Mon 05:56:27 app_controller_Controller [info] 3.792 DefaultCommand
2026-02-02 Mon 05:56:32 app_controller_Controller [info] 5.557 DefaultCommand
2026-02-02 Mon 06:17:38 app_controller_Controller [info] 3.964 Home
2026-02-02 Mon 06:17:42 app_controller_Controller [info] 4.446 DefaultCommand
2026-02-02 Mon 06:17:46 app_controller_Controller [info] 4 DefaultCommand
2026-02-02 Mon 06:17:50 app_controller_Controller [info] 3.969 DefaultCommand
2026-02-02 Mon 06:17:54 app_controller_Controller [info] 4.463 DefaultCommand
2026-02-02 Mon 06:17:59 app_controller_Controller [info] 4.29 DefaultCommand
2026-02-02 Mon 06:18:03 app_controller_Controller [info] 4.475 DefaultCommand
2026-02-02 Mon 06:18:08 app_controller_Controller [info] 4.304 DefaultCommand
2026-02-02 Mon 06:18:13 app_controller_Controller [info] 5.09 DefaultCommand
2026-02-02 Mon 06:18:17 app_controller_Controller [info] 4.207 DefaultCommand
2026-02-02 Mon 06:18:21 app_controller_Controller [info] 4.456 DefaultCommand
2026-02-02 Mon 06:18:25 app_controller_Controller [info] 4.111 DefaultCommand
2026-02-02 Mon 06:18:30 app_controller_Controller [info] 4.103 DefaultCommand
2026-02-02 Mon 06:18:34 app_controller_Controller [info] 4.251 DefaultCommand
2026-02-02 Mon 06:18:38 app_controller_Controller [info] 3.991 DefaultCommand
2026-02-02 Mon 06:18:42 app_controller_Controller [info] 4.403 DefaultCommand
2026-02-02 Mon 06:18:46 app_controller_Controller [info] 4.217 DefaultCommand
2026-02-02 Mon 06:18:51 app_controller_Controller [info] 4.368 DefaultCommand
2026-02-02 Mon 06:18:55 app_controller_Controller [info] 3.938 DefaultCommand
2026-02-02 Mon 06:18:59 app_controller_Controller [info] 4.589 DefaultCommand
2026-02-02 Mon 09:10:07 app_controller_Controller [info] 3.776 Login
2026-02-02 Mon 09:10:19 app_controller_Controller [info] 4.665 Home
2026-02-02 Mon 09:10:23 app_controller_Controller [info] 4.627 DefaultCommand
2026-02-02 Mon 09:10:28 app_controller_Controller [info] 4.284 DefaultCommand
2026-02-02 Mon 09:10:32 app_controller_Controller [info] 4.496 DefaultCommand
2026-02-02 Mon 09:10:37 app_controller_Controller [info] 4.578 DefaultCommand
2026-02-02 Mon 09:10:41 app_controller_Controller [info] 4.541 DefaultCommand
2026-02-02 Mon 09:10:46 app_controller_Controller [info] 4.387 DefaultCommand
2026-02-02 Mon 09:10:50 app_controller_Controller [info] 4.268 DefaultCommand
2026-02-02 Mon 09:10:55 app_controller_Controller [info] 4.7 DefaultCommand
2026-02-02 Mon 09:10:59 app_controller_Controller [info] 4.322 DefaultCommand
2026-02-02 Mon 09:11:04 app_controller_Controller [info] 4.659 DefaultCommand
2026-02-02 Mon 09:11:08 app_controller_Controller [info] 4.407 DefaultCommand
2026-02-02 Mon 09:11:12 app_controller_Controller [info] 4.418 DefaultCommand
2026-02-02 Mon 09:11:17 app_controller_Controller [info] 4.905 DefaultCommand
2026-02-02 Mon 09:11:22 app_controller_Controller [info] 4.263 DefaultCommand
2026-02-02 Mon 09:11:26 app_controller_Controller [info] 4.676 DefaultCommand
2026-02-02 Mon 09:11:31 app_controller_Controller [info] 4.503 DefaultCommand
2026-02-02 Mon 09:11:35 app_controller_Controller [info] 4.429 DefaultCommand
2026-02-02 Mon 09:11:40 app_controller_Controller [info] 4.465 DefaultCommand
2026-02-02 Mon 09:11:44 app_controller_Controller [info] 4.616 DefaultCommand
2026-02-02 Mon 09:11:49 app_controller_Controller [info] 4.355 DefaultCommand
2026-02-02 Mon 09:11:53 app_controller_Controller [info] 4.524 DefaultCommand
2026-02-02 Mon 09:11:58 app_controller_Controller [info] 4.444 DefaultCommand
2026-02-02 Mon 09:12:03 app_controller_Controller [info] 4.935 DefaultCommand
2026-02-02 Mon 09:12:07 app_controller_Controller [info] 4.266 DefaultCommand
2026-02-02 Mon 09:12:11 app_controller_Controller [info] 4.489 DefaultCommand
2026-02-02 Mon 09:12:17 app_controller_Controller [info] 5.223 DefaultCommand
2026-02-02 Mon 09:12:21 app_controller_Controller [info] 4.694 Home
2026-02-02 Mon 09:12:26 app_controller_Controller [info] 4.364 DefaultCommand
2026-02-02 Mon 09:13:30 app_controller_Controller [info] 64.223 DefaultCommand
2026-02-02 Mon 09:13:34 app_controller_Controller [info] 4.339 DefaultCommand
2026-02-02 Mon 09:13:39 app_controller_Controller [info] 4.382 DefaultCommand
2026-02-02 Mon 09:13:43 app_controller_Controller [info] 4.844 DefaultCommand
2026-02-02 Mon 09:13:48 app_controller_Controller [info] 4.342 DefaultCommand
2026-02-02 Mon 09:13:52 app_controller_Controller [info] 4.597 DefaultCommand
2026-02-02 Mon 09:13:57 app_controller_Controller [info] 4.4 DefaultCommand
2026-02-02 Mon 09:14:01 app_controller_Controller [info] 4.083 DefaultCommand
2026-02-02 Mon 09:14:06 app_controller_Controller [info] 4.964 DefaultCommand
2026-02-02 Mon 09:14:11 app_controller_Controller [info] 4.699 DefaultCommand
2026-02-02 Mon 09:14:15 app_controller_Controller [info] 4.615 DefaultCommand
2026-02-02 Mon 09:14:20 app_controller_Controller [info] 5.258 DefaultCommand
2026-02-02 Mon 09:14:25 app_controller_Controller [info] 4.353 DefaultCommand
2026-02-02 Mon 09:14:29 app_controller_Controller [info] 4.201 DefaultCommand
2026-02-02 Mon 09:14:33 app_controller_Controller [info] 3.905 DefaultCommand
2026-02-02 Mon 09:14:37 app_controller_Controller [info] 4.366 DefaultCommand
2026-02-02 Mon 09:14:42 app_controller_Controller [info] 4.482 DefaultCommand
2026-02-02 Mon 09:14:46 app_controller_Controller [info] 3.904 DefaultCommand
2026-02-02 Mon 09:14:50 app_controller_Controller [info] 4.27 DefaultCommand
2026-02-02 Mon 09:14:55 app_controller_Controller [info] 4.702 DefaultCommand
2026-02-02 Mon 09:14:59 app_controller_Controller [info] 4.307 DefaultCommand
2026-02-02 Mon 09:15:03 app_controller_Controller [info] 4.431 DefaultCommand
2026-02-02 Mon 09:15:08 app_controller_Controller [info] 4.317 DefaultCommand
2026-02-02 Mon 09:15:12 app_controller_Controller [info] 4.494 DefaultCommand
2026-02-02 Mon 09:15:17 app_controller_Controller [info] 4.871 DefaultCommand
2026-02-02 Mon 09:15:21 app_controller_Controller [info] 4.377 DefaultCommand
2026-02-02 Mon 09:27:24 app_controller_Controller [info] 4.781 Home
2026-02-02 Mon 09:27:28 app_controller_Controller [info] 4.208 DefaultCommand
2026-02-02 Mon 09:27:33 app_controller_Controller [info] 4.821 DefaultCommand
2026-02-02 Mon 09:27:38 app_controller_Controller [info] 4.943 DefaultCommand
2026-02-02 Mon 09:27:42 app_controller_Controller [info] 4.651 DefaultCommand
2026-02-02 Mon 09:27:47 app_controller_Controller [info] 4.519 DefaultCommand
2026-02-02 Mon 09:27:52 app_controller_Controller [info] 5.058 DefaultCommand
2026-02-02 Mon 09:27:57 app_controller_Controller [info] 5.023 DefaultCommand
2026-02-02 Mon 09:28:01 app_controller_Controller [info] 4.423 DefaultCommand
2026-02-02 Mon 09:28:06 app_controller_Controller [info] 4.537 DefaultCommand
2026-02-02 Mon 09:28:11 app_controller_Controller [info] 4.996 DefaultCommand
2026-02-02 Mon 09:28:20 app_controller_Controller [info] 8.825 DefaultCommand
2026-02-02 Mon 09:28:26 app_controller_Controller [info] 5.955 DefaultCommand
2026-02-02 Mon 09:28:34 app_controller_Controller [info] 8.024 DefaultCommand
2026-02-02 Mon 09:28:42 app_controller_Controller [info] 7.977 DefaultCommand
2026-02-02 Mon 09:28:49 app_controller_Controller [info] 6.814 DefaultCommand
2026-02-02 Mon 09:28:58 app_controller_Controller [info] 9.301 DefaultCommand
2026-02-02 Mon 09:29:06 app_controller_Controller [info] 8.377 DefaultCommand
2026-02-02 Mon 09:29:12 app_controller_Controller [info] 5.849 DefaultCommand
2026-02-02 Mon 09:29:17 app_controller_Controller [info] 4.791 DefaultCommand
2026-02-02 Mon 09:29:22 app_controller_Controller [info] 4.872 DefaultCommand
2026-02-02 Mon 09:29:26 app_controller_Controller [info] 4.558 DefaultCommand
2026-02-02 Mon 09:29:33 app_controller_Controller [info] 6.32 DefaultCommand
2026-02-02 Mon 09:29:37 app_controller_Controller [info] 4.743 DefaultCommand
2026-02-02 Mon 09:29:42 app_controller_Controller [info] 4.772 DefaultCommand
2026-02-02 Mon 09:29:47 app_controller_Controller [info] 4.766 DefaultCommand
2026-02-02 Mon 09:29:51 app_controller_Controller [info] 4.033 DefaultCommand
2026-02-02 Mon 09:29:56 app_controller_Controller [info] 4.739 DefaultCommand
2026-02-02 Mon 10:26:00 app_controller_Controller [info] 4.844 Home
2026-02-02 Mon 10:26:04 app_controller_Controller [info] 4.265 DefaultCommand
2026-02-02 Mon 10:26:09 app_controller_Controller [info] 4.713 DefaultCommand
2026-02-02 Mon 10:26:14 app_controller_Controller [info] 4.775 DefaultCommand
2026-02-02 Mon 10:26:19 app_controller_Controller [info] 4.919 DefaultCommand
2026-02-02 Mon 10:26:25 app_controller_Controller [info] 5.843 DefaultCommand
2026-02-02 Mon 10:26:29 app_controller_Controller [info] 4.528 DefaultCommand
2026-02-02 Mon 10:26:34 app_controller_Controller [info] 4.802 DefaultCommand
2026-02-02 Mon 10:26:39 app_controller_Controller [info] 5.229 DefaultCommand
2026-02-02 Mon 10:26:44 app_controller_Controller [info] 4.733 DefaultCommand
2026-02-02 Mon 10:26:49 app_controller_Controller [info] 4.995 DefaultCommand
2026-02-02 Mon 10:26:54 app_controller_Controller [info] 5.157 DefaultCommand
2026-02-02 Mon 10:26:58 app_controller_Controller [info] 4.384 DefaultCommand
2026-02-02 Mon 10:27:03 app_controller_Controller [info] 5.002 DefaultCommand
2026-02-02 Mon 10:27:08 app_controller_Controller [info] 4.427 DefaultCommand
2026-02-02 Mon 10:27:13 app_controller_Controller [info] 4.798 DefaultCommand
2026-02-02 Mon 10:27:18 app_controller_Controller [info] 5.615 DefaultCommand
2026-02-02 Mon 10:27:23 app_controller_Controller [info] 4.306 DefaultCommand
2026-02-02 Mon 10:27:27 app_controller_Controller [info] 4.665 DefaultCommand
2026-02-02 Mon 10:27:33 app_controller_Controller [info] 6.042 DefaultCommand
2026-02-02 Mon 10:27:38 app_controller_Controller [info] 4.518 DefaultCommand
2026-02-02 Mon 10:27:43 app_controller_Controller [info] 4.956 DefaultCommand
2026-02-02 Mon 10:27:47 app_controller_Controller [info] 4.504 DefaultCommand
2026-02-02 Mon 10:27:52 app_controller_Controller [info] 4.395 DefaultCommand
2026-02-02 Mon 10:27:56 app_controller_Controller [info] 4.678 DefaultCommand
2026-02-02 Mon 10:28:02 app_controller_Controller [info] 5.452 DefaultCommand
2026-02-02 Mon 10:28:06 app_controller_Controller [info] 4.255 Home
2026-02-02 Mon 10:28:11 app_controller_Controller [info] 4.743 DefaultCommand
2026-02-02 Mon 10:28:16 app_controller_Controller [info] 5.068 DefaultCommand
2026-02-02 Mon 10:28:21 app_controller_Controller [info] 4.798 DefaultCommand
2026-02-02 Mon 10:28:25 app_controller_Controller [info] 4.45 DefaultCommand
2026-02-02 Mon 10:28:29 app_controller_Controller [info] 4.258 DefaultCommand
2026-02-02 Mon 10:28:34 app_controller_Controller [info] 4.777 DefaultCommand
2026-02-02 Mon 10:28:39 app_controller_Controller [info] 4.399 DefaultCommand
2026-02-02 Mon 10:28:43 app_controller_Controller [info] 4.919 DefaultCommand
2026-02-02 Mon 10:28:48 app_controller_Controller [info] 4.7 DefaultCommand
2026-02-02 Mon 10:28:52 app_controller_Controller [info] 3.806 DefaultCommand
2026-02-02 Mon 10:28:58 app_controller_Controller [info] 5.579 DefaultCommand
2026-02-02 Mon 10:29:02 app_controller_Controller [info] 4.411 DefaultCommand
2026-02-02 Mon 10:29:07 app_controller_Controller [info] 4.694 DefaultCommand
2026-02-02 Mon 10:29:12 app_controller_Controller [info] 4.86 DefaultCommand
2026-02-02 Mon 10:29:16 app_controller_Controller [info] 4.558 DefaultCommand
2026-02-02 Mon 10:29:21 app_controller_Controller [info] 4.999 DefaultCommand
2026-02-02 Mon 10:29:25 app_controller_Controller [info] 3.858 DefaultCommand
2026-02-02 Mon 10:29:29 app_controller_Controller [info] 3.866 DefaultCommand
2026-02-02 Mon 10:29:33 app_controller_Controller [info] 4.364 DefaultCommand
2026-02-02 Mon 10:29:38 app_controller_Controller [info] 4.886 DefaultCommand
2026-02-02 Mon 10:29:42 app_controller_Controller [info] 4.354 DefaultCommand
2026-02-02 Mon 10:29:47 app_controller_Controller [info] 4.557 DefaultCommand
2026-02-02 Mon 10:29:52 app_controller_Controller [info] 5.046 DefaultCommand
2026-02-02 Mon 10:29:57 app_controller_Controller [info] 4.509 DefaultCommand
2026-02-02 Mon 10:30:01 app_controller_Controller [info] 4.075 DefaultCommand
2026-02-02 Mon 10:54:55 app_controller_Controller [info] 4.659 Home
2026-02-02 Mon 10:55:00 app_controller_Controller [info] 4.202 DefaultCommand
2026-02-02 Mon 10:55:04 app_controller_Controller [info] 4.517 DefaultCommand
2026-02-02 Mon 10:55:08 app_controller_Controller [info] 4.305 DefaultCommand
2026-02-02 Mon 10:55:13 app_controller_Controller [info] 4.309 DefaultCommand
2026-02-02 Mon 10:55:17 app_controller_Controller [info] 4.746 DefaultCommand
2026-02-02 Mon 10:55:22 app_controller_Controller [info] 4.044 DefaultCommand
2026-02-02 Mon 10:55:26 app_controller_Controller [info] 4.673 DefaultCommand
2026-02-02 Mon 10:55:31 app_controller_Controller [info] 4.901 DefaultCommand
2026-02-02 Mon 10:55:35 app_controller_Controller [info] 4.359 DefaultCommand
2026-02-02 Mon 10:55:40 app_controller_Controller [info] 4.469 DefaultCommand
2026-02-02 Mon 10:55:44 app_controller_Controller [info] 3.787 DefaultCommand
2026-02-02 Mon 10:55:48 app_controller_Controller [info] 4.485 DefaultCommand
2026-02-02 Mon 10:55:53 app_controller_Controller [info] 4.407 DefaultCommand
2026-02-02 Mon 10:56:33 app_controller_Controller [info] 40.04 DefaultCommand
2026-02-02 Mon 10:56:37 app_controller_Controller [info] 4.105 DefaultCommand
2026-02-02 Mon 10:56:41 app_controller_Controller [info] 4.494 DefaultCommand
2026-02-02 Mon 10:56:45 app_controller_Controller [info] 4.125 DefaultCommand
2026-02-02 Mon 10:56:50 app_controller_Controller [info] 4.543 DefaultCommand
2026-02-02 Mon 10:56:54 app_controller_Controller [info] 4.333 DefaultCommand
2026-02-02 Mon 10:57:00 app_controller_Controller [info] 5.603 DefaultCommand
2026-02-02 Mon 10:57:05 app_controller_Controller [info] 5.096 DefaultCommand
2026-02-02 Mon 10:57:09 app_controller_Controller [info] 4.116 DefaultCommand
2026-02-02 Mon 10:57:13 app_controller_Controller [info] 4.069 DefaultCommand
2026-02-02 Mon 10:57:18 app_controller_Controller [info] 4.573 DefaultCommand
2026-02-02 Mon 10:57:22 app_controller_Controller [info] 4.236 DefaultCommand
2026-02-02 Mon 10:57:27 app_controller_Controller [info] 4.798 DefaultCommand
2026-02-02 Mon 10:57:50 app_controller_Controller [info] 4.672 Home
2026-02-02 Mon 10:57:56 app_controller_Controller [info] 5.603 DefaultCommand
2026-02-02 Mon 10:58:01 app_controller_Controller [info] 5.037 DefaultCommand
2026-02-02 Mon 10:58:05 app_controller_Controller [info] 4.553 DefaultCommand
2026-02-02 Mon 10:58:10 app_controller_Controller [info] 4.606 DefaultCommand
2026-02-02 Mon 10:58:16 app_controller_Controller [info] 5.866 DefaultCommand
2026-02-02 Mon 10:58:21 app_controller_Controller [info] 4.885 DefaultCommand
2026-02-02 Mon 10:58:25 app_controller_Controller [info] 4.177 DefaultCommand
2026-02-02 Mon 10:58:31 app_controller_Controller [info] 5.864 DefaultCommand
2026-02-02 Mon 10:58:36 app_controller_Controller [info] 5.475 DefaultCommand
2026-02-02 Mon 10:58:40 app_controller_Controller [info] 4.402 DefaultCommand
2026-02-02 Mon 10:58:46 app_controller_Controller [info] 5.222 DefaultCommand
2026-02-02 Mon 10:58:50 app_controller_Controller [info] 4.311 DefaultCommand
2026-02-02 Mon 10:58:55 app_controller_Controller [info] 5.072 DefaultCommand
2026-02-02 Mon 10:59:00 app_controller_Controller [info] 4.53 DefaultCommand
2026-02-02 Mon 10:59:04 app_controller_Controller [info] 4.226 DefaultCommand
2026-02-02 Mon 10:59:08 app_controller_Controller [info] 4.237 DefaultCommand
2026-02-02 Mon 10:59:13 app_controller_Controller [info] 4.853 DefaultCommand
2026-02-02 Mon 10:59:18 app_controller_Controller [info] 5.076 DefaultCommand
2026-02-02 Mon 10:59:23 app_controller_Controller [info] 4.569 DefaultCommand
2026-02-02 Mon 10:59:28 app_controller_Controller [info] 5.17 DefaultCommand
2026-02-02 Mon 10:59:32 app_controller_Controller [info] 4.36 DefaultCommand
2026-02-02 Mon 10:59:37 app_controller_Controller [info] 4.924 DefaultCommand
2026-02-02 Mon 10:59:42 app_controller_Controller [info] 4.655 DefaultCommand
2026-02-02 Mon 10:59:47 app_controller_Controller [info] 5.036 DefaultCommand
2026-02-02 Mon 10:59:51 app_controller_Controller [info] 4.609 DefaultCommand
2026-02-02 Mon 10:59:56 app_controller_Controller [info] 4.373 Home
2026-02-02 Mon 11:00:01 app_controller_Controller [info] 4.799 DefaultCommand
2026-02-02 Mon 11:00:05 app_controller_Controller [info] 4.311 DefaultCommand
2026-02-02 Mon 11:00:09 app_controller_Controller [info] 4.447 DefaultCommand
2026-02-02 Mon 11:00:14 app_controller_Controller [info] 4.525 DefaultCommand
2026-02-02 Mon 11:00:18 app_controller_Controller [info] 4.006 DefaultCommand
2026-02-02 Mon 11:00:28 app_controller_Controller [info] 9.716 DefaultCommand
2026-02-02 Mon 11:00:32 app_controller_Controller [info] 4.165 DefaultCommand
2026-02-02 Mon 11:00:36 app_controller_Controller [info] 4.158 DefaultCommand
2026-02-02 Mon 11:01:16 app_controller_Controller [info] 39.671 DefaultCommand
2026-02-02 Mon 11:01:19 app_controller_Controller [info] 3.774 DefaultCommand
2026-02-02 Mon 11:01:24 app_controller_Controller [info] 4.288 DefaultCommand
2026-02-02 Mon 11:01:28 app_controller_Controller [info] 4.115 DefaultCommand
2026-02-02 Mon 11:01:32 app_controller_Controller [info] 4.642 DefaultCommand
2026-02-02 Mon 11:01:37 app_controller_Controller [info] 4.396 DefaultCommand
2026-02-02 Mon 11:01:41 app_controller_Controller [info] 4.356 DefaultCommand
2026-02-02 Mon 11:01:46 app_controller_Controller [info] 4.459 DefaultCommand
2026-02-02 Mon 11:01:50 app_controller_Controller [info] 4.253 DefaultCommand
2026-02-02 Mon 11:01:54 app_controller_Controller [info] 4.023 DefaultCommand
2026-02-02 Mon 11:01:58 app_controller_Controller [info] 4.326 DefaultCommand
2026-02-02 Mon 11:02:02 app_controller_Controller [info] 3.983 DefaultCommand
2026-02-02 Mon 11:02:06 app_controller_Controller [info] 4.135 DefaultCommand
2026-02-02 Mon 11:02:10 app_controller_Controller [info] 4.131 DefaultCommand
2026-02-02 Mon 11:02:15 app_controller_Controller [info] 4.443 DefaultCommand
2026-02-02 Mon 11:02:19 app_controller_Controller [info] 4.253 DefaultCommand
2026-02-02 Mon 11:02:23 app_controller_Controller [info] 4.231 DefaultCommand
2026-02-02 Mon 11:02:28 app_controller_Controller [info] 4.423 DefaultCommand
2026-02-02 Mon 11:13:12 app_controller_Controller [info] 4.284 Home
2026-02-02 Mon 11:13:16 app_controller_Controller [info] 4.347 DefaultCommand
2026-02-02 Mon 11:13:21 app_controller_Controller [info] 4.426 DefaultCommand
2026-02-02 Mon 11:13:25 app_controller_Controller [info] 4.297 DefaultCommand
2026-02-02 Mon 11:13:29 app_controller_Controller [info] 3.837 DefaultCommand
2026-02-02 Mon 11:13:33 app_controller_Controller [info] 4.493 DefaultCommand
2026-02-02 Mon 11:13:38 app_controller_Controller [info] 4.391 DefaultCommand
2026-02-02 Mon 11:13:42 app_controller_Controller [info] 4.356 DefaultCommand
2026-02-02 Mon 11:13:47 app_controller_Controller [info] 4.479 DefaultCommand
2026-02-02 Mon 11:13:51 app_controller_Controller [info] 4.016 DefaultCommand
2026-02-02 Mon 11:13:55 app_controller_Controller [info] 4.35 DefaultCommand
2026-02-02 Mon 11:13:59 app_controller_Controller [info] 3.904 DefaultCommand
2026-02-02 Mon 11:14:03 app_controller_Controller [info] 3.83 DefaultCommand
2026-02-02 Mon 11:14:08 app_controller_Controller [info] 4.983 DefaultCommand
2026-02-02 Mon 11:14:13 app_controller_Controller [info] 5.217 DefaultCommand
2026-02-02 Mon 11:14:18 app_controller_Controller [info] 5.369 DefaultCommand
2026-02-02 Mon 11:14:59 app_controller_Controller [info] 40.44 DefaultCommand
2026-02-02 Mon 11:15:03 app_controller_Controller [info] 3.953 DefaultCommand
2026-02-02 Mon 11:15:07 app_controller_Controller [info] 4.005 DefaultCommand
2026-02-02 Mon 11:15:11 app_controller_Controller [info] 4.43 DefaultCommand
2026-02-02 Mon 11:15:15 app_controller_Controller [info] 4.153 DefaultCommand
2026-02-02 Mon 11:15:20 app_controller_Controller [info] 4.486 DefaultCommand
2026-02-02 Mon 11:15:24 app_controller_Controller [info] 4.151 DefaultCommand
2026-02-02 Mon 11:15:28 app_controller_Controller [info] 4.015 DefaultCommand
2026-02-02 Mon 11:15:32 app_controller_Controller [info] 4.189 DefaultCommand
2026-02-02 Mon 11:15:36 app_controller_Controller [info] 4.245 DefaultCommand
2026-02-02 Mon 11:15:41 app_controller_Controller [info] 4.371 DefaultCommand
2026-02-11 Wed 10:01:32 app_controller_Controller [info] 2.18 Login
2026-02-11 Wed 10:01:42 app_controller_Controller [info] 1.714 Login
2026-02-11 Wed 10:01:55 app_controller_Controller [info] 4.55 Home
2026-02-11 Wed 10:03:40 app_controller_Controller [info] 4.695 Home
2026-02-11 Wed 10:04:34 app_controller_Controller [info] 4.394 Home
2026-02-11 Wed 10:05:45 app_controller_Controller [info] 2.341 Login
2026-02-11 Wed 10:06:35 app_controller_Controller [info] 3.922 Home
2026-02-11 Wed 10:08:52 app_controller_Controller [info] 5.096 Home
2026-02-11 Wed 10:10:02 app_controller_Controller [info] 5.156 Home
2026-02-11 Wed 10:10:17 app_controller_Controller [info] 2.093 Login
2026-02-11 Wed 10:10:24 app_controller_Controller [info] 2.204 Login
2026-02-11 Wed 10:11:59 app_controller_Controller [info] 2.438 Login
2026-02-11 Wed 10:12:33 app_controller_Controller [info] 2.295 Login
2026-02-11 Wed 10:12:40 app_controller_Controller [info] 2.318 Login
2026-02-11 Wed 10:13:08 app_controller_Controller [info] 1.785 Login
2026-02-11 Wed 10:14:31 app_controller_Controller [info] 2.303 Login
2026-02-11 Wed 10:16:00 app_controller_Controller [info] 2.399 Login
2026-02-11 Wed 10:16:13 app_controller_Controller [info] 4.332 Home
2026-02-11 Wed 10:16:25 app_controller_Controller [info] 4.888 AjaxDashboard
2026-02-11 Wed 10:16:42 app_controller_Controller [info] 4.998 DashboardFrame
2026-02-11 Wed 10:17:36 app_controller_Controller [info] 51.689 Dashboard
2026-02-11 Wed 10:17:51 app_controller_Controller [info] 9.623 FilterList
2026-02-11 Wed 10:19:37 app_controller_Controller [info] 5.32 Home
2026-02-11 Wed 10:19:50 app_controller_Controller [info] 4.151 AjaxDashboard
2026-02-11 Wed 10:19:56 app_controller_Controller [info] 4.733 DashboardFrame
2026-02-11 Wed 10:21:24 app_controller_Controller [info] 48.941 Dashboard
2026-02-11 Wed 10:21:31 app_controller_Controller [info] 4.475 FilterResults
2026-02-11 Wed 10:22:24 app_controller_Controller [info] 12.079 FilterList
2026-02-11 Wed 10:29:42 app_controller_Controller [info] 2.732 AjaxDashboard
2026-02-11 Wed 10:31:57 app_controller_Controller [info] 2.162 Login
2026-02-11 Wed 10:32:12 app_controller_Controller [info] 4.391 Home
2026-02-11 Wed 10:32:24 app_controller_Controller [info] 3.388 AjaxDashboard
2026-02-11 Wed 10:32:30 app_controller_Controller [info] 4.34 DashboardFrame
2026-02-11 Wed 10:35:08 app_controller_Controller [info] 47.621 Dashboard
2026-02-11 Wed 10:35:21 app_controller_Controller [info] 12.255 FilterList
2026-02-11 Wed 10:44:50 app_controller_Controller [info] 4.005 Home
2026-02-11 Wed 10:45:05 app_controller_Controller [info] 8.084 DashboardFrame
2026-02-11 Wed 10:45:37 app_controller_Controller [info] 4.932 Home
2026-02-11 Wed 10:46:39 app_controller_Controller [info] 60.64 Dashboard
2026-02-11 Wed 10:46:42 app_controller_Controller [info] 2.202 AjaxDashboard
2026-02-11 Wed 10:46:49 app_controller_Controller [info] 6.206 DashboardFrame
2026-02-11 Wed 10:48:43 app_controller_Controller [info] 49.24 Dashboard
2026-02-11 Wed 10:48:57 app_controller_Controller [info] 5.609 Home
2026-02-11 Wed 10:49:00 app_controller_Controller [info] 2.093 AjaxDashboard
2026-02-11 Wed 10:49:09 app_controller_Controller [info] 4.589 DashboardFrame
2026-02-11 Wed 10:49:33 app_controller_Controller [info] 3.595 Home
2026-02-11 Wed 10:49:37 app_controller_Controller [info] 2.247 AjaxDashboard
2026-02-11 Wed 10:50:21 app_controller_Controller [info] 4.991 DashboardFrame
2026-02-11 Wed 10:50:33 app_controller_Controller [info] 9.979 FilterList
2026-02-11 Wed 10:51:27 app_controller_Controller [info] 52.824 Dashboard
2026-02-11 Wed 10:52:36 app_controller_Controller [info] 4.357 Home
2026-02-11 Wed 10:52:40 app_controller_Controller [info] 2.124 AjaxDashboard
2026-02-11 Wed 10:52:48 app_controller_Controller [info] 5.84 DashboardFrame
2026-02-11 Wed 10:53:38 app_controller_Controller [info] 47.749 Dashboard
2026-02-11 Wed 11:02:40 app_controller_Controller [info] 2.313 AjaxDashboard
2026-02-11 Wed 11:05:19 app_controller_Controller [info] 4.59 Home
2026-02-11 Wed 11:05:23 app_controller_Controller [info] 2.384 AjaxDashboard
2026-02-11 Wed 11:05:30 app_controller_Controller [info] 4.532 DashboardFrame
2026-02-11 Wed 11:06:22 app_controller_Controller [info] 50.19 Dashboard
2026-02-11 Wed 11:15:23 app_controller_Controller [info] 2.31 AjaxDashboard
2026-02-11 Wed 11:19:41 app_controller_Controller [info] 5.07 Home
2026-02-11 Wed 11:19:45 app_controller_Controller [info] 3.063 AjaxDashboard
2026-02-11 Wed 11:19:54 app_controller_Controller [info] 5.608 DashboardFrame
2026-02-11 Wed 11:21:01 app_controller_Controller [info] 64.164 Dashboard
2026-02-11 Wed 11:21:06 app_controller_Controller [info] 3.849 Home
2026-02-11 Wed 11:21:23 app_controller_Controller [info] 1.778 AjaxDashboard
2026-02-11 Wed 11:21:28 app_controller_Controller [info] 4.546 DashboardFrame
2026-02-11 Wed 11:22:28 app_controller_Controller [info] 57.033 Dashboard
2026-02-11 Wed 11:22:38 app_controller_Controller [info] 8.565 FilterList
2026-02-11 Wed 11:23:19 app_controller_Controller [info] 4.582 Home
2026-02-11 Wed 11:23:23 app_controller_Controller [info] 1.762 AjaxDashboard
2026-02-11 Wed 11:23:31 app_controller_Controller [info] 5.25 DashboardFrame
2026-02-11 Wed 11:24:30 app_controller_Controller [info] 57.628 Dashboard
2026-02-11 Wed 11:24:40 app_controller_Controller [info] 8.611 FilterList
2026-02-11 Wed 11:27:00 app_controller_Controller [info] 4.536 Home
2026-02-11 Wed 11:27:04 app_controller_Controller [info] 2.203 AjaxDashboard
2026-02-11 Wed 11:27:14 app_controller_Controller [info] 5.925 DashboardFrame
2026-02-11 Wed 11:28:17 app_controller_Controller [info] 61.059 Dashboard
2026-02-11 Wed 11:28:58 app_controller_Controller [info] 4.796 FilterResults
2026-02-11 Wed 11:31:59 app_controller_Controller [info] 6.526 FilterList
2026-02-11 Wed 11:37:04 app_controller_Controller [info] 1.923 AjaxDashboard
2026-02-11 Wed 11:37:59 app_controller_Controller [info] 3.897 FilterResults
2026-02-11 Wed 11:42:46 app_controller_Controller [info] 4.12 Home
2026-02-11 Wed 11:42:50 app_controller_Controller [info] 1.853 AjaxDashboard
2026-02-11 Wed 11:42:58 app_controller_Controller [info] 4.666 DashboardFrame
2026-02-11 Wed 11:43:52 app_controller_Controller [info] 52.177 Dashboard
2026-02-11 Wed 11:49:15 app_controller_Controller [info] 7.373 FilterList
2026-02-11 Wed 11:52:50 app_controller_Controller [info] 1.831 AjaxDashboard
2026-02-11 Wed 11:55:12 app_controller_Controller [info] 3.928 Home
2026-02-11 Wed 11:55:16 app_controller_Controller [info] 1.914 AjaxDashboard
2026-02-11 Wed 11:55:26 app_controller_Controller [info] 4.965 DashboardFrame
2026-02-11 Wed 11:56:21 app_controller_Controller [info] 52.377 Dashboard
2026-02-11 Wed 11:56:29 app_controller_Controller [info] 6.792 FilterList
2026-02-11 Wed 11:58:25 app_controller_Controller [info] 3.835 Home
2026-02-11 Wed 11:58:31 app_controller_Controller [info] 2.419 AjaxDashboard
2026-02-11 Wed 11:58:48 app_controller_Controller [info] 4.678 DashboardFrame
2026-02-11 Wed 11:59:41 app_controller_Controller [info] 50.802 Dashboard
2026-02-11 Wed 11:59:51 app_controller_Controller [info] 7.957 FilterList
2026-02-11 Wed 12:00:45 app_controller_Controller [info] 4.195 Home
2026-02-11 Wed 12:00:52 app_controller_Controller [info] 2.618 AjaxDashboard
2026-02-11 Wed 12:01:08 app_controller_Controller [info] 5.066 DashboardFrame
2026-02-11 Wed 12:02:00 app_controller_Controller [info] 49.343 Dashboard
2026-02-11 Wed 12:03:16 app_controller_Controller [info] 7.593 FilterList
2026-02-11 Wed 12:10:50 app_controller_Controller [info] 1.948 AjaxDashboard
2026-02-11 Wed 12:20:51 app_controller_Controller [info] 2.168 AjaxDashboard
2026-02-11 Wed 12:28:50 app_controller_Controller [info] 3.774 Home
2026-02-11 Wed 12:28:53 app_controller_Controller [info] 1.758 AjaxDashboard
2026-02-11 Wed 12:29:04 app_controller_Controller [info] 5.159 DashboardFrame
2026-02-11 Wed 12:29:56 app_controller_Controller [info] 49.481 Dashboard
2026-02-16 Mon 12:05:41 app_controller_Controller [info] 1.695 Login
2026-02-16 Mon 12:05:51 app_controller_Controller [info] 3.682 Home
2026-02-16 Mon 12:05:57 app_controller_Controller [info] 2.258 AjaxDashboard
2026-02-16 Mon 12:06:04 app_controller_Controller [info] 4.868 DashboardFrame
2026-02-16 Mon 12:06:53 app_controller_Controller [info] 46.651 Dashboard
2026-02-16 Mon 12:10:11 app_controller_Controller [info] 2.212 Login
2026-02-16 Mon 12:10:36 app_controller_Controller [info] 3.617 Home
2026-02-16 Mon 12:10:39 app_controller_Controller [info] 1.984 AjaxDashboard
2026-02-16 Mon 12:10:46 app_controller_Controller [info] 4.82 DashboardFrame
2026-02-16 Mon 12:11:38 app_controller_Controller [info] 51.298 Dashboard
